Using pre-set license
Built from '2020.2/release' branch; Version is '2020.2.2f1 (068178b99f32) revision 426360'; Using compiler version '192528614'; Build Type 'Release'
OS: 'Windows 10 Home; OS build 19042.1110; Version 2009; 64bit' Language: 'fi' Physical Memory: 16338 MB
BatchMode: 1, IsHumanControllingUs: 0, StartBugReporterOnCrash: 0, Is64bit: 1, IsPro: 0

 COMMAND LINE ARGUMENTS:
E:\unity\2020.2.2f1\Editor\Unity.exe
-adb2
-batchMode
-noUpm
-name
AssetImportWorker0
-projectPath
E:/Versionhallinta/SkyPiratesMobile
-logFile
Logs/AssetImportWorker0.log
-srvPort
63193
Successfully changed project path to: E:/Versionhallinta/SkyPiratesMobile
E:/Versionhallinta/SkyPiratesMobile
Using Asset Import Pipeline V2.
Refreshing native plugins compatible for Editor in 53.75 ms, found 0 plugins.
Preloading 0 native plugins for Editor in 0.00 ms.
Initialize engine version: 2020.2.2f1 (068178b99f32)
[Subsystems] Discovering subsystems at path E:/unity/2020.2.2f1/Editor/Data/Resources/UnitySubsystems
[Subsystems] Discovering subsystems at path E:/Versionhallinta/SkyPiratesMobile/Assets
GfxDevice: creating device client; threaded=0
Direct3D:
    Version:  Direct3D 11.0 [level 11.1]
    Renderer: NVIDIA GeForce GTX 1050 Ti (ID=0x1c82)
    Vendor:   
    VRAM:     4018 MB
    Driver:   27.21.14.6684
Initialize mono
Mono path[0] = 'E:/unity/2020.2.2f1/Editor/Data/Managed'
Mono path[1] = 'E:/unity/2020.2.2f1/Editor/Data/MonoBleedingEdge/lib/mono/unityjit'
Mono config path = 'E:/unity/2020.2.2f1/Editor/Data/MonoBleedingEdge/etc'
Using monoOptions --debugger-agent=transport=dt_socket,embedding=1,server=y,suspend=n,address=127.0.0.1:56808
Begin MonoManager ReloadAssembly
Registering precompiled unity dll's ...
Register platform support module: E:/unity/2020.2.2f1/Editor/Data/PlaybackEngines/WindowsStandaloneSupport/UnityEditor.WindowsStandalone.Extensions.dll
Registered in 0.001099 seconds.
Native extension for WindowsStandalone target not found
Refreshing native plugins compatible for Editor in 40.36 ms, found 0 plugins.
Preloading 0 native plugins for Editor in 0.00 ms.
Invoked RoslynAnalysisRunner static constructor.
RoslynAnalysisRunner will not be running.
RoslynAnalysisRunner has terminated.
Mono: successfully reloaded assembly
- Completed reload, in  1.013 seconds
Platform modules already initialized, skipping
Registering precompiled user dll's ...
Registered in 0.005131 seconds.
Begin MonoManager ReloadAssembly
Native extension for WindowsStandalone target not found
Refreshing native plugins compatible for Editor in 1.10 ms, found 0 plugins.
Preloading 0 native plugins for Editor in 0.00 ms.
GPGSUpgrader start
UnityEngine.StackTraceUtility:ExtractStackTrace ()
UnityEngine.DebugLogHandler:LogFormat (UnityEngine.LogType,UnityEngine.Object,string,object[])
UnityEngine.Logger:Log (UnityEngine.LogType,object)
UnityEngine.Debug:Log (object)
GooglePlayGames.Editor.GPGSUpgrader:.cctor () (at Assets/GooglePlayGames/Editor/GPGSUpgrader.cs:38)
System.Runtime.CompilerServices.RuntimeHelpers:RunClassConstructor (System.RuntimeTypeHandle)
UnityEditor.EditorAssemblies:ProcessInitializeOnLoadAttributes (System.Type[])

(Filename: Assets/GooglePlayGames/Editor/GPGSUpgrader.cs Line: 38)

GPGSUpgrader done
UnityEngine.StackTraceUtility:ExtractStackTrace ()
UnityEngine.DebugLogHandler:LogFormat (UnityEngine.LogType,UnityEngine.Object,string,object[])
UnityEngine.Logger:Log (UnityEngine.LogType,object)
UnityEngine.Debug:Log (object)
GooglePlayGames.Editor.GPGSUpgrader:.cctor () (at Assets/GooglePlayGames/Editor/GPGSUpgrader.cs:105)
System.Runtime.CompilerServices.RuntimeHelpers:RunClassConstructor (System.RuntimeTypeHandle)
UnityEditor.EditorAssemblies:ProcessInitializeOnLoadAttributes (System.Type[])

(Filename: Assets/GooglePlayGames/Editor/GPGSUpgrader.cs Line: 105)

Invoked RoslynAnalysisRunner static constructor.
RoslynAnalysisRunner will not be running.
RoslynAnalysisRunner has terminated.
Mono: successfully reloaded assembly
- Completed reload, in  1.085 seconds
Platform modules already initialized, skipping
========================================================================
Worker process is ready to serve import requests
Launched and connected shader compiler UnityShaderCompiler.exe after 0.14 seconds
Refreshing native plugins compatible for Editor in 0.80 ms, found 0 plugins.
Preloading 0 native plugins for Editor in 0.00 ms.
Unloading 1682 Unused Serialized files (Serialized files now loaded: 0)
System memory in use before: 75.5 MB.
System memory in use after: 75.6 MB.

Unloading 79 unused Assets to reduce memory usage. Loaded Objects now: 2074.
Total: 2.134200 ms (FindLiveObjects: 0.188000 ms CreateObjectMapping: 0.081400 ms MarkObjects: 1.808500 ms  DeleteObjects: 0.055200 ms)

========================================================================
Received Import Request.
  path: Assets/Scenes/Tutorial.unity
  artifactKey: Guid(75448589684da96479bbbee3dc4cb154) Importer(815301076,1909f56bfc062723c751e8b465ee728b)
Start importing Assets/Scenes/Tutorial.unity using Guid(75448589684da96479bbbee3dc4cb154) Importer(815301076,1909f56bfc062723c751e8b465ee728b)  -> (artifact id: '17ff27194e140ffae242c047d50f91f2') in 0.016754 seconds
  Import took 0.036636 seconds .

========================================================================
Received Import Request.
  Time since last request: 13.223897 seconds.
  path: Assets/Scenes/SplashScreen.unity
  artifactKey: Guid(7c8f3c68e19445c49813a8224a62b707) Importer(815301076,1909f56bfc062723c751e8b465ee728b)
Start importing Assets/Scenes/SplashScreen.unity using Guid(7c8f3c68e19445c49813a8224a62b707) Importer(815301076,1909f56bfc062723c751e8b465ee728b)  -> (artifact id: 'f56ac857496ca6ea2018c07fa28df207') in 0.007393 seconds
  Import took 0.030170 seconds .

========================================================================
Received Prepare
Registering precompiled user dll's ...
Registered in 0.004818 seconds.
Begin MonoManager ReloadAssembly
Native extension for WindowsStandalone target not found
Refreshing native plugins compatible for Editor in 0.70 ms, found 0 plugins.
Preloading 0 native plugins for Editor in 0.00 ms.
GPGSUpgrader start
UnityEngine.StackTraceUtility:ExtractStackTrace ()
UnityEngine.DebugLogHandler:LogFormat (UnityEngine.LogType,UnityEngine.Object,string,object[])
UnityEngine.Logger:Log (UnityEngine.LogType,object)
UnityEngine.Debug:Log (object)
GooglePlayGames.Editor.GPGSUpgrader:.cctor () (at Assets/GooglePlayGames/Editor/GPGSUpgrader.cs:38)
System.Runtime.CompilerServices.RuntimeHelpers:RunClassConstructor (System.RuntimeTypeHandle)
UnityEditor.EditorAssemblies:ProcessInitializeOnLoadAttributes (System.Type[])

(Filename: Assets/GooglePlayGames/Editor/GPGSUpgrader.cs Line: 38)

GPGSUpgrader done
UnityEngine.StackTraceUtility:ExtractStackTrace ()
UnityEngine.DebugLogHandler:LogFormat (UnityEngine.LogType,UnityEngine.Object,string,object[])
UnityEngine.Logger:Log (UnityEngine.LogType,object)
UnityEngine.Debug:Log (object)
GooglePlayGames.Editor.GPGSUpgrader:.cctor () (at Assets/GooglePlayGames/Editor/GPGSUpgrader.cs:105)
System.Runtime.CompilerServices.RuntimeHelpers:RunClassConstructor (System.RuntimeTypeHandle)
UnityEditor.EditorAssemblies:ProcessInitializeOnLoadAttributes (System.Type[])

(Filename: Assets/GooglePlayGames/Editor/GPGSUpgrader.cs Line: 105)

Invoked RoslynAnalysisRunner static constructor.
RoslynAnalysisRunner will not be running.
RoslynAnalysisRunner has terminated.
Mono: successfully reloaded assembly
- Completed reload, in  0.937 seconds
Platform modules already initialized, skipping
Switching build target platform(5) subTarget(0) extendedPlatform(0) -> platform(13) subTarget(589824) extendedPlatform(0)
Refreshing native plugins compatible for Editor in 0.73 ms, found 0 plugins.
Preloading 0 native plugins for Editor in 0.00 ms.
Unloading 1668 Unused Serialized files (Serialized files now loaded: 0)
System memory in use before: 74.5 MB.
System memory in use after: 74.6 MB.

Unloading 71 unused Assets to reduce memory usage. Loaded Objects now: 2076.
Total: 2.112600 ms (FindLiveObjects: 0.195800 ms CreateObjectMapping: 0.066800 ms MarkObjects: 1.803300 ms  DeleteObjects: 0.045400 ms)

AssetImportParameters requested are different than current active one (requested -> active):
  custom:graphics/normal-map-encoding: 01000000000000000000000000000000 -> 02000000000000000000000000000000
========================================================================
Received Import Request.
  Time since last request: 101.370382 seconds.
  path: Assets/Scenes/NoPlanes.unity
  artifactKey: Guid(1ae73075aa20eaa40b5e3a5f7b787bd1) Importer(815301076,1909f56bfc062723c751e8b465ee728b)
Start importing Assets/Scenes/NoPlanes.unity using Guid(1ae73075aa20eaa40b5e3a5f7b787bd1) Importer(815301076,1909f56bfc062723c751e8b465ee728b)  -> (artifact id: '37513efa0d4edfef0823ca654d75b084') in 0.016919 seconds
  Import took 0.034721 seconds .

========================================================================
Received Prepare
Registering precompiled user dll's ...
Registered in 0.004743 seconds.
Begin MonoManager ReloadAssembly
Native extension for WindowsStandalone target not found
Refreshing native plugins compatible for Editor in 0.73 ms, found 0 plugins.
Preloading 0 native plugins for Editor in 0.00 ms.
GPGSUpgrader start
UnityEngine.StackTraceUtility:ExtractStackTrace ()
UnityEngine.DebugLogHandler:LogFormat (UnityEngine.LogType,UnityEngine.Object,string,object[])
UnityEngine.Logger:Log (UnityEngine.LogType,object)
UnityEngine.Debug:Log (object)
GooglePlayGames.Editor.GPGSUpgrader:.cctor () (at Assets/GooglePlayGames/Editor/GPGSUpgrader.cs:38)
System.Runtime.CompilerServices.RuntimeHelpers:RunClassConstructor (System.RuntimeTypeHandle)
UnityEditor.EditorAssemblies:ProcessInitializeOnLoadAttributes (System.Type[])

(Filename: Assets/GooglePlayGames/Editor/GPGSUpgrader.cs Line: 38)

GPGSUpgrader done
UnityEngine.StackTraceUtility:ExtractStackTrace ()
UnityEngine.DebugLogHandler:LogFormat (UnityEngine.LogType,UnityEngine.Object,string,object[])
UnityEngine.Logger:Log (UnityEngine.LogType,object)
UnityEngine.Debug:Log (object)
GooglePlayGames.Editor.GPGSUpgrader:.cctor () (at Assets/GooglePlayGames/Editor/GPGSUpgrader.cs:105)
System.Runtime.CompilerServices.RuntimeHelpers:RunClassConstructor (System.RuntimeTypeHandle)
UnityEditor.EditorAssemblies:ProcessInitializeOnLoadAttributes (System.Type[])

(Filename: Assets/GooglePlayGames/Editor/GPGSUpgrader.cs Line: 105)

Invoked RoslynAnalysisRunner static constructor.
RoslynAnalysisRunner will not be running.
RoslynAnalysisRunner has terminated.
Mono: successfully reloaded assembly
- Completed reload, in  0.907 seconds
Platform modules already initialized, skipping
Switching build target platform(5) subTarget(0) extendedPlatform(0) -> platform(13) subTarget(589824) extendedPlatform(0)
Refreshing native plugins compatible for Editor in 0.73 ms, found 0 plugins.
Preloading 0 native plugins for Editor in 0.00 ms.
Unloading 1668 Unused Serialized files (Serialized files now loaded: 0)
System memory in use before: 74.6 MB.
System memory in use after: 74.7 MB.

Unloading 71 unused Assets to reduce memory usage. Loaded Objects now: 2078.
Total: 1.909400 ms (FindLiveObjects: 0.161700 ms CreateObjectMapping: 0.052600 ms MarkObjects: 1.664100 ms  DeleteObjects: 0.030100 ms)

AssetImportParameters requested are different than current active one (requested -> active):
  custom:graphics/normal-map-encoding: 01000000000000000000000000000000 -> 02000000000000000000000000000000
========================================================================
Received Import Request.
  Time since last request: 749.410126 seconds.
  path: Assets/Sprites/NewSprites/Arrow.png
  artifactKey: Guid(aa8682a80b0110240a38a25227b843c5) Importer(815301076,1909f56bfc062723c751e8b465ee728b)
Start importing Assets/Sprites/NewSprites/Arrow.png using Guid(aa8682a80b0110240a38a25227b843c5) Importer(815301076,1909f56bfc062723c751e8b465ee728b)  -> (artifact id: 'cba893fe973b2b3e55d6c2cab1e51e60') in 0.298380 seconds
  Import took 0.321864 seconds .

========================================================================
Received Import Request.
  Time since last request: 25.298875 seconds.
  path: Assets/Sprites/NewSprites/Arrow.png
  artifactKey: Guid(aa8682a80b0110240a38a25227b843c5) Importer(815301076,1909f56bfc062723c751e8b465ee728b)
Start importing Assets/Sprites/NewSprites/Arrow.png using Guid(aa8682a80b0110240a38a25227b843c5) Importer(815301076,1909f56bfc062723c751e8b465ee728b)  -> (artifact id: '2ba3f72e13ab80d66f96cc859afcf856') in 0.013849 seconds
  Import took 0.022404 seconds .

========================================================================
Received Import Request.
  Time since last request: 0.007644 seconds.
  path: Assets/Sprites/NewSprites/Arrow.png
  artifactKey: Guid(aa8682a80b0110240a38a25227b843c5) Importer(815301076,1909f56bfc062723c751e8b465ee728b)
Start importing Assets/Sprites/NewSprites/Arrow.png using Guid(aa8682a80b0110240a38a25227b843c5) Importer(815301076,1909f56bfc062723c751e8b465ee728b)  -> (artifact id: '2ba3f72e13ab80d66f96cc859afcf856') in 0.014908 seconds
  Import took 0.019866 seconds .

========================================================================
Received Import Request.
  Time since last request: 49.183999 seconds.
  path: Assets/Sprites/NewSprites/Arrow.png
  artifactKey: Guid(aa8682a80b0110240a38a25227b843c5) Importer(815301076,1909f56bfc062723c751e8b465ee728b)
Start importing Assets/Sprites/NewSprites/Arrow.png using Guid(aa8682a80b0110240a38a25227b843c5) Importer(815301076,1909f56bfc062723c751e8b465ee728b)  -> (artifact id: '064e8e658ae0141b164893063a5a5a7a') in 0.022615 seconds
  Import took 0.027626 seconds .

========================================================================
Received Import Request.
  Time since last request: 1303.496623 seconds.
  path: Assets/Scenes/TheGame.unity
  artifactKey: Guid(bc5d113d176d86d468b5dea4ddc11ff9) Importer(815301076,1909f56bfc062723c751e8b465ee728b)
Start importing Assets/Scenes/TheGame.unity using Guid(bc5d113d176d86d468b5dea4ddc11ff9) Importer(815301076,1909f56bfc062723c751e8b465ee728b)  -> (artifact id: 'ffd2ebb96ee58ddec4be8d03f6cb4d5a') in 0.013315 seconds
  Import took 0.027975 seconds .

========================================================================
Received Import Request.
  Time since last request: 282.867161 seconds.
  path: Assets/Scenes/OptionsScreen.unity
  artifactKey: Guid(16b01c7abce65d942ac6fac38b1fbc93) Importer(815301076,1909f56bfc062723c751e8b465ee728b)
Start importing Assets/Scenes/OptionsScreen.unity using Guid(16b01c7abce65d942ac6fac38b1fbc93) Importer(815301076,1909f56bfc062723c751e8b465ee728b)  -> (artifact id: '9fecf8ff078dd579cc1ff7183b974ebd') in 0.008061 seconds
  Import took 0.019954 seconds .

========================================================================
Received Import Request.
  Time since last request: 494.755682 seconds.
  path: Assets/Scenes/MainMenu.unity
  artifactKey: Guid(10fe156262ac40744acc391db7b7e2cd) Importer(815301076,1909f56bfc062723c751e8b465ee728b)
Start importing Assets/Scenes/MainMenu.unity using Guid(10fe156262ac40744acc391db7b7e2cd) Importer(815301076,1909f56bfc062723c751e8b465ee728b)  -> (artifact id: '06e693a8d6ca4ec19cf5cf2992e92347') in 0.010293 seconds
  Import took 0.022992 seconds .

========================================================================
Received Import Request.
  Time since last request: 432.926511 seconds.
  path: Assets/Scenes/SingInToGoogle.unity
  artifactKey: Guid(84959c7203fdc324ba573192fc88ebeb) Importer(815301076,1909f56bfc062723c751e8b465ee728b)
Start importing Assets/Scenes/SingInToGoogle.unity using Guid(84959c7203fdc324ba573192fc88ebeb) Importer(815301076,1909f56bfc062723c751e8b465ee728b)  -> (artifact id: '4e0c2e803a5bf283abada62c115e08f6') in 0.011886 seconds
  Import took 0.049965 seconds .

========================================================================
Received Import Request.
  Time since last request: 13.118600 seconds.
  path: Assets/Scenes/Tutorial.unity
  artifactKey: Guid(75448589684da96479bbbee3dc4cb154) Importer(815301076,1909f56bfc062723c751e8b465ee728b)
Start importing Assets/Scenes/Tutorial.unity using Guid(75448589684da96479bbbee3dc4cb154) Importer(815301076,1909f56bfc062723c751e8b465ee728b)  -> (artifact id: '92970e690f3891cc1c2c1c0c8a74cb80') in 0.008681 seconds
  Import took 0.028114 seconds .

AssetImportWorkerClient::OnTransportError - code=2 error=End of file
